<?xml version="1.0" encoding="UTF-8"?>
<!-- Generated by org.testng.reporters.JUnitReportReporter -->
<testsuite skipped="0" hostname="IBM-PF32PRH6" name="RCB.TestVagrant.RCB.TeamSorter_Sanity" tests="2" failures="0" timestamp="2022-09-07T12:14:28 IST" time="0.067" errors="0">
  <testcase name="Testcase1" time="0.062" classname="RCB.TestVagrant.RCB.TeamSorter_Sanity"/>
  <system-out/>
  <testcase name="Testcas2" time="0.005" classname="RCB.TestVagrant.RCB.TeamSorter_Sanity"/>
  <system-out/>
</testsuite> <!-- RCB.TestVagrant.RCB.TeamSorter_Sanity -->
