<?xml version="1.0" encoding="UTF-8"?>
<!-- Generated by org.testng.reporters.JUnitReportReporter -->
<testsuite skipped="0" hostname="IBM-PF32PRH6" name="RCB.TestVagrant.RCB.BusinessLogic.TeamVerificationClass" tests="2" failures="0" timestamp="2022-09-07T11:19:08 IST" time="0.022" errors="0">
  <testcase name="TeamSorterBasedOnCountry_Testcase1" time="0.018" classname="RCB.TestVagrant.RCB.BusinessLogic.TeamVerificationClass"/>
  <system-out/>
  <testcase name="TeamSorterBasedOnRole_Testcase2" time="0.004" classname="RCB.TestVagrant.RCB.BusinessLogic.TeamVerificationClass"/>
  <system-out/>
</testsuite> <!-- RCB.TestVagrant.RCB.BusinessLogic.TeamVerificationClass -->
